2001.06.04 17:05 B C:\matlab\fdaM\examples\weather\weather.zip --> steve.psych.mcgill.ca /export/home/steve/ramsay/u1/fdaM/ftpsite weather.zip
2001.11.12 14:25 B C:\matlab\fdaM\examples\weather\weather.zip --> ego.psych.mcgill.ca /pub/ramsay/FDAfuns/Matlab/Windows weather.zip
2001.11.13 10:02 B C:\matlab\fdaM\examples\weather\weather.zip --> steve.psych.mcgill.ca /export/home/steve/ramsay/u1/fdaM/ftpsite weather.zip
2001.11.13 10:03 B C:\matlab\fdaM\examples\weather\monthly.m --> steve.psych.mcgill.ca /export/home/steve/ramsay/u1/fdaM/examples/weather monthly.m
2001.11.13 10:03 B C:\matlab\fdaM\examples\weather\daily.m --> steve.psych.mcgill.ca /export/home/steve/ramsay/u1/fdaM/examples/weather daily.m
2001.11.15 12:06 B C:\matlab\fdaM\examples\weather\daily.m --> steve.psych.mcgill.ca /export/home/steve/ramsay/u1/fdaM/examples/weather daily.m
2001.11.15 12:06 B C:\matlab\fdaM\examples\weather\monthly.m --> steve.psych.mcgill.ca /export/home/steve/ramsay/u1/fdaM/examples/weather monthly.m
2002.11.06 10:12 B C:\MATLAB\fdaM\examples\weather\daillabs.dat --> steve.psych.mcgill.ca /export/home/steve/ramsay/Matlab/fdaM/examples/weather daillabs.dat
2002.11.06 10:12 B C:\MATLAB\fdaM\examples\weather\dailprec.dat --> steve.psych.mcgill.ca /export/home/steve/ramsay/Matlab/fdaM/examples/weather dailprec.dat
2002.11.06 10:12 B C:\MATLAB\fdaM\examples\weather\dailtemp.dat --> steve.psych.mcgill.ca /export/home/steve/ramsay/Matlab/fdaM/examples/weather dailtemp.dat
2002.11.06 10:12 B C:\MATLAB\fdaM\examples\weather\daily.m --> steve.psych.mcgill.ca /export/home/steve/ramsay/Matlab/fdaM/examples/weather daily.m
2002.11.06 10:12 B C:\MATLAB\fdaM\examples\weather\dailymenu.m --> steve.psych.mcgill.ca /export/home/steve/ramsay/Matlab/fdaM/examples/weather dailymenu.m
2002.11.06 10:12 B C:\MATLAB\fdaM\examples\weather\dailyplot.m --> steve.psych.mcgill.ca /export/home/steve/ramsay/Matlab/fdaM/examples/weather dailyplot.m
2002.11.06 10:12 B C:\MATLAB\fdaM\examples\weather\dailysetup.m --> steve.psych.mcgill.ca /export/home/steve/ramsay/Matlab/fdaM/examples/weather dailysetup.m
2002.11.06 10:12 B C:\MATLAB\fdaM\examples\weather\menusetup.m --> steve.psych.mcgill.ca /export/home/steve/ramsay/Matlab/fdaM/examples/weather menusetup.m
2002.11.06 10:12 B C:\MATLAB\fdaM\examples\weather\monthly.m --> steve.psych.mcgill.ca /export/home/steve/ramsay/Matlab/fdaM/examples/weather monthly.m
2002.11.06 10:12 B C:\MATLAB\fdaM\examples\weather\monthlymenu.m --> steve.psych.mcgill.ca /export/home/steve/ramsay/Matlab/fdaM/examples/weather monthlymenu.m
2002.11.06 10:12 B C:\MATLAB\fdaM\examples\weather\monthlynew.m --> steve.psych.mcgill.ca /export/home/steve/ramsay/Matlab/fdaM/examples/weather monthlynew.m
2002.11.06 10:12 B C:\MATLAB\fdaM\examples\weather\monthlyplot.m --> steve.psych.mcgill.ca /export/home/steve/ramsay/Matlab/fdaM/examples/weather monthlyplot.m
2002.11.06 10:12 B C:\MATLAB\fdaM\examples\weather\monthlysetup.m --> steve.psych.mcgill.ca /export/home/steve/ramsay/Matlab/fdaM/examples/weather monthlysetup.m
2002.11.06 10:12 B C:\MATLAB\fdaM\examples\weather\monthprec.dat --> steve.psych.mcgill.ca /export/home/steve/ramsay/Matlab/fdaM/examples/weather monthprec.dat
2002.11.06 10:12 B C:\MATLAB\fdaM\examples\weather\monthtemp.dat --> steve.psych.mcgill.ca /export/home/steve/ramsay/Matlab/fdaM/examples/weather monthtemp.dat
2002.11.06 10:12 B C:\MATLAB\fdaM\examples\weather\weather.zip --> steve.psych.mcgill.ca /export/home/steve/ramsay/Matlab/fdaM/examples/weather weather.zip
2002.11.06 10:24 B D:\Matlab\fdaM\examples\weather\WS_FTP.LOG <-- steve /export/home/steve/ramsay/Matlab/fdaM/examples/weather WS_FTP.LOG
2003.01.15 12:28 B D:\Matlab\fdaM\examples\weather\daillabs.dat --> steve.psych.mcgill.ca /export/home/steve/ramsay/fdaM/examples/weather daillabs.dat
2003.01.15 12:28 B D:\Matlab\fdaM\examples\weather\dailprec.dat --> steve.psych.mcgill.ca /export/home/steve/ramsay/fdaM/examples/weather dailprec.dat
2003.01.15 12:28 B D:\Matlab\fdaM\examples\weather\dailtemp.dat --> steve.psych.mcgill.ca /export/home/steve/ramsay/fdaM/examples/weather dailtemp.dat
2003.01.15 12:28 B D:\Matlab\fdaM\examples\weather\daily.m --> steve.psych.mcgill.ca /export/home/steve/ramsay/fdaM/examples/weather daily.m
2003.01.15 12:28 B D:\Matlab\fdaM\examples\weather\dailymenu.m --> steve.psych.mcgill.ca /export/home/steve/ramsay/fdaM/examples/weather dailymenu.m
2003.01.15 12:28 B D:\Matlab\fdaM\examples\weather\dailyplot.m --> steve.psych.mcgill.ca /export/home/steve/ramsay/fdaM/examples/weather dailyplot.m
2003.01.15 12:28 B D:\Matlab\fdaM\examples\weather\dailysetup.m --> steve.psych.mcgill.ca /export/home/steve/ramsay/fdaM/examples/weather dailysetup.m
2003.01.15 12:28 B D:\Matlab\fdaM\examples\weather\menusetup.m --> steve.psych.mcgill.ca /export/home/steve/ramsay/fdaM/examples/weather menusetup.m
2003.01.15 12:28 B D:\Matlab\fdaM\examples\weather\monthly.asv --> steve.psych.mcgill.ca /export/home/steve/ramsay/fdaM/examples/weather monthly.asv
2003.01.15 12:28 B D:\Matlab\fdaM\examples\weather\monthly.m --> steve.psych.mcgill.ca /export/home/steve/ramsay/fdaM/examples/weather monthly.m
2003.01.15 12:28 B D:\Matlab\fdaM\examples\weather\monthlymenu.m --> steve.psych.mcgill.ca /export/home/steve/ramsay/fdaM/examples/weather monthlymenu.m
2003.01.15 12:28 B D:\Matlab\fdaM\examples\weather\monthlyplot.asv --> steve.psych.mcgill.ca /export/home/steve/ramsay/fdaM/examples/weather monthlyplot.asv
2003.01.15 12:28 B D:\Matlab\fdaM\examples\weather\monthlyplot.m --> steve.psych.mcgill.ca /export/home/steve/ramsay/fdaM/examples/weather monthlyplot.m
2003.01.15 12:28 B D:\Matlab\fdaM\examples\weather\monthlysetup.m --> steve.psych.mcgill.ca /export/home/steve/ramsay/fdaM/examples/weather monthlysetup.m
2003.01.15 12:28 B D:\Matlab\fdaM\examples\weather\monthprec.dat --> steve.psych.mcgill.ca /export/home/steve/ramsay/fdaM/examples/weather monthprec.dat
2003.01.15 12:28 B D:\Matlab\fdaM\examples\weather\monthtemp.dat --> steve.psych.mcgill.ca /export/home/steve/ramsay/fdaM/examples/weather monthtemp.dat
2003.01.15 12:28 B D:\Matlab\fdaM\examples\weather\weather.zip --> steve.psych.mcgill.ca /export/home/steve/ramsay/fdaM/examples/weather weather.zip
2003.01.15 12:53 B C:\Matlab\fdaM\examples\weather\WS_FTP.LOG <-- steve /export/home/steve/ramsay/fdaM/examples/weather WS_FTP.LOG
2003.01.16 13:46 B C:\Matlab\fdaM\examples\weather\WS_FTP.LOG --> steve.psych.mcgill.ca /export/home/steve/ramsay/fdaM/examples/weather WS_FTP.LOG
2003.01.21 12:51 B C:\Matlab\fdaM\examples\weather\WS_FTP.LOG --> steve.psych.mcgill.ca /export/home/steve/ramsay/fdaM/examples/weather WS_FTP.LOG
2003.02.18 10:46 B C:\Matlab\fdaM\examples\weather\IQ.asv --> steve.psych.mcgill.ca /export/home/steve/ramsay/fdaM/examples/weather IQ.asv
2003.02.18 10:46 B C:\Matlab\fdaM\examples\weather\monthly.m --> steve.psych.mcgill.ca /export/home/steve/ramsay/fdaM/examples/weather monthly.m
2003.02.18 10:46 B C:\Matlab\fdaM\examples\weather\WS_FTP.LOG --> steve.psych.mcgill.ca /export/home/steve/ramsay/fdaM/examples/weather WS_FTP.LOG
2003.03.10 14:12 B C:\Matlab\fdaM\examples\weather\daily.m --> steve.psych.mcgill.ca /export/home/steve/ramsay/u1/fdaM/examples/weather daily.m
2003.03.10 14:12 B C:\Matlab\fdaM\examples\weather\dailymenu.m --> steve.psych.mcgill.ca /export/home/steve/ramsay/u1/fdaM/examples/weather dailymenu.m
2003.03.10 14:12 B C:\Matlab\fdaM\examples\weather\dailyplot.m --> steve.psych.mcgill.ca /export/home/steve/ramsay/u1/fdaM/examples/weather dailyplot.m
2003.03.10 14:12 B C:\Matlab\fdaM\examples\weather\dailysetup.m --> steve.psych.mcgill.ca /export/home/steve/ramsay/u1/fdaM/examples/weather dailysetup.m
2003.03.10 14:12 B C:\Matlab\fdaM\examples\weather\menusetup.m --> steve.psych.mcgill.ca /export/home/steve/ramsay/u1/fdaM/examples/weather menusetup.m
2003.03.10 14:12 B C:\Matlab\fdaM\examples\weather\monthly.m --> steve.psych.mcgill.ca /export/home/steve/ramsay/u1/fdaM/examples/weather monthly.m
2003.03.10 14:12 B C:\Matlab\fdaM\examples\weather\monthlymenu.m --> steve.psych.mcgill.ca /export/home/steve/ramsay/u1/fdaM/examples/weather monthlymenu.m
2003.03.10 14:12 B C:\Matlab\fdaM\examples\weather\monthlyplot.m --> steve.psych.mcgill.ca /export/home/steve/ramsay/u1/fdaM/examples/weather monthlyplot.m
2003.03.10 14:12 B C:\Matlab\fdaM\examples\weather\monthlysetup.m --> steve.psych.mcgill.ca /export/home/steve/ramsay/u1/fdaM/examples/weather monthlysetup.m
2003.05.12 11:46 B C:\Matlab\fdaM\examples\weather\daillabs.dat --> steve.psych.mcgill.ca /export/home/steve/ramsay/fdaM/examples/weather daillabs.dat
2003.05.12 11:46 B C:\Matlab\fdaM\examples\weather\dailprec.dat --> steve.psych.mcgill.ca /export/home/steve/ramsay/fdaM/examples/weather dailprec.dat
2003.05.12 11:46 B C:\Matlab\fdaM\examples\weather\dailtemp.dat --> steve.psych.mcgill.ca /export/home/steve/ramsay/fdaM/examples/weather dailtemp.dat
2003.05.12 11:46 B C:\Matlab\fdaM\examples\weather\daily.asv --> steve.psych.mcgill.ca /export/home/steve/ramsay/fdaM/examples/weather daily.asv
2003.05.12 11:46 B C:\Matlab\fdaM\examples\weather\daily.m --> steve.psych.mcgill.ca /export/home/steve/ramsay/fdaM/examples/weather daily.m
2003.05.12 11:46 B C:\Matlab\fdaM\examples\weather\dailymenu.m --> steve.psych.mcgill.ca /export/home/steve/ramsay/fdaM/examples/weather dailymenu.m
2003.05.12 11:46 B C:\Matlab\fdaM\examples\weather\dailyplot.m --> steve.psych.mcgill.ca /export/home/steve/ramsay/fdaM/examples/weather dailyplot.m
2003.05.12 11:46 B C:\Matlab\fdaM\examples\weather\dailysetup.m --> steve.psych.mcgill.ca /export/home/steve/ramsay/fdaM/examples/weather dailysetup.m
2003.05.12 11:46 B C:\Matlab\fdaM\examples\weather\fdPar.asv --> steve.psych.mcgill.ca /export/home/steve/ramsay/fdaM/examples/weather fdPar.asv
2003.05.12 11:46 B C:\Matlab\fdaM\examples\weather\IQ.asv --> steve.psych.mcgill.ca /export/home/steve/ramsay/fdaM/examples/weather IQ.asv
2003.05.12 11:46 B C:\Matlab\fdaM\examples\weather\menusetup.m --> steve.psych.mcgill.ca /export/home/steve/ramsay/fdaM/examples/weather menusetup.m
2003.05.12 11:46 B C:\Matlab\fdaM\examples\weather\monthly.asv --> steve.psych.mcgill.ca /export/home/steve/ramsay/fdaM/examples/weather monthly.asv
2003.05.12 11:46 B C:\Matlab\fdaM\examples\weather\monthly.m --> steve.psych.mcgill.ca /export/home/steve/ramsay/fdaM/examples/weather monthly.m
2003.05.12 11:46 B C:\Matlab\fdaM\examples\weather\monthlymenu.m --> steve.psych.mcgill.ca /export/home/steve/ramsay/fdaM/examples/weather monthlymenu.m
2003.05.12 11:46 B C:\Matlab\fdaM\examples\weather\monthlyplot.asv --> steve.psych.mcgill.ca /export/home/steve/ramsay/fdaM/examples/weather monthlyplot.asv
2003.05.12 11:46 B C:\Matlab\fdaM\examples\weather\monthlyplot.m --> steve.psych.mcgill.ca /export/home/steve/ramsay/fdaM/examples/weather monthlyplot.m
2003.05.12 11:46 B C:\Matlab\fdaM\examples\weather\monthlysetup.m --> steve.psych.mcgill.ca /export/home/steve/ramsay/fdaM/examples/weather monthlysetup.m
2003.05.12 11:46 B C:\Matlab\fdaM\examples\weather\monthprec.dat --> steve.psych.mcgill.ca /export/home/steve/ramsay/fdaM/examples/weather monthprec.dat
2003.05.12 11:46 B C:\Matlab\fdaM\examples\weather\monthtemp.dat --> steve.psych.mcgill.ca /export/home/steve/ramsay/fdaM/examples/weather monthtemp.dat
2003.05.12 11:46 B C:\Matlab\fdaM\examples\weather\Vanprec.emf --> steve.psych.mcgill.ca /export/home/steve/ramsay/fdaM/examples/weather Vanprec.emf
2003.05.12 11:46 B C:\Matlab\fdaM\examples\weather\weather.zip --> steve.psych.mcgill.ca /export/home/steve/ramsay/fdaM/examples/weather weather.zip
2003.05.12 12:24 B C:\Matlab\fdaM\examples\weather\WS_FTP.LOG <-- steve /export/home/steve/ramsay/Matlab/fdaM/examples/weather WS_FTP.LOG
2003.08.01 18:13 B C:\Matlab\fdaM\examples\weather\daillabs.dat --> ego.psych.mcgill.ca /home/ego/ramsay/Matlab/fdaM/examples/weather daillabs.dat
2003.08.01 18:13 B C:\Matlab\fdaM\examples\weather\dailprec.dat --> ego.psych.mcgill.ca /home/ego/ramsay/Matlab/fdaM/examples/weather dailprec.dat
2003.08.01 18:13 B C:\Matlab\fdaM\examples\weather\dailtemp.dat --> ego.psych.mcgill.ca /home/ego/ramsay/Matlab/fdaM/examples/weather dailtemp.dat
2003.08.01 18:13 B C:\Matlab\fdaM\examples\weather\daily.asv --> ego.psych.mcgill.ca /home/ego/ramsay/Matlab/fdaM/examples/weather daily.asv
2003.08.01 18:14 B C:\Matlab\fdaM\examples\weather\daily.m --> ego.psych.mcgill.ca /home/ego/ramsay/Matlab/fdaM/examples/weather daily.m
2003.08.01 18:14 B C:\Matlab\fdaM\examples\weather\dailymenu.m --> ego.psych.mcgill.ca /home/ego/ramsay/Matlab/fdaM/examples/weather dailymenu.m
2003.08.01 18:14 B C:\Matlab\fdaM\examples\weather\dailyplot.m --> ego.psych.mcgill.ca /home/ego/ramsay/Matlab/fdaM/examples/weather dailyplot.m
2003.08.01 18:14 B C:\Matlab\fdaM\examples\weather\dailysetup.m --> ego.psych.mcgill.ca /home/ego/ramsay/Matlab/fdaM/examples/weather dailysetup.m
2003.08.01 18:14 B C:\Matlab\fdaM\examples\weather\fdPar.asv --> ego.psych.mcgill.ca /home/ego/ramsay/Matlab/fdaM/examples/weather fdPar.asv
2003.08.01 18:14 B C:\Matlab\fdaM\examples\weather\IQ.asv --> ego.psych.mcgill.ca /home/ego/ramsay/Matlab/fdaM/examples/weather IQ.asv
2003.08.01 18:14 B C:\Matlab\fdaM\examples\weather\menusetup.m --> ego.psych.mcgill.ca /home/ego/ramsay/Matlab/fdaM/examples/weather menusetup.m
2003.08.01 18:14 B C:\Matlab\fdaM\examples\weather\monthly.asv --> ego.psych.mcgill.ca /home/ego/ramsay/Matlab/fdaM/examples/weather monthly.asv
2003.08.01 18:14 B C:\Matlab\fdaM\examples\weather\monthly.m --> ego.psych.mcgill.ca /home/ego/ramsay/Matlab/fdaM/examples/weather monthly.m
2003.08.01 18:14 B C:\Matlab\fdaM\examples\weather\monthlymenu.m --> ego.psych.mcgill.ca /home/ego/ramsay/Matlab/fdaM/examples/weather monthlymenu.m
2003.08.01 18:14 B C:\Matlab\fdaM\examples\weather\monthlyplot.asv --> ego.psych.mcgill.ca /home/ego/ramsay/Matlab/fdaM/examples/weather monthlyplot.asv
2003.08.01 18:14 B C:\Matlab\fdaM\examples\weather\monthlyplot.m --> ego.psych.mcgill.ca /home/ego/ramsay/Matlab/fdaM/examples/weather monthlyplot.m
2003.08.01 18:14 B C:\Matlab\fdaM\examples\weather\monthlysetup.m --> ego.psych.mcgill.ca /home/ego/ramsay/Matlab/fdaM/examples/weather monthlysetup.m
2003.08.01 18:14 B C:\Matlab\fdaM\examples\weather\monthprec.dat --> ego.psych.mcgill.ca /home/ego/ramsay/Matlab/fdaM/examples/weather monthprec.dat
2003.08.01 18:14 B C:\Matlab\fdaM\examples\weather\monthtemp.dat --> ego.psych.mcgill.ca /home/ego/ramsay/Matlab/fdaM/examples/weather monthtemp.dat
2003.08.01 18:14 B C:\Matlab\fdaM\examples\weather\Vanprec.emf --> ego.psych.mcgill.ca /home/ego/ramsay/Matlab/fdaM/examples/weather Vanprec.emf
2003.08.01 18:14 B C:\Matlab\fdaM\examples\weather\weather.zip --> ego.psych.mcgill.ca /home/ego/ramsay/Matlab/fdaM/examples/weather weather.zip
2003.08.01 18:14 B C:\Matlab\fdaM\examples\weather\WS_FTP.LOG --> ego.psych.mcgill.ca /home/ego/ramsay/Matlab/fdaM/examples/weather WS_FTP.LOG
