2001.11.13 12:14 B C:\matlab\fdaM\ftpsite\@basis.tar.Z <-- steve /export/home/steve/ramsay/u1/fdaM/ftpsite @basis.tar.Z
2001.11.13 12:14 B C:\matlab\fdaM\ftpsite\@basis.zip <-- steve /export/home/steve/ramsay/u1/fdaM/ftpsite @basis.zip
2001.11.13 12:14 B C:\matlab\fdaM\ftpsite\@bifd.tar.Z <-- steve /export/home/steve/ramsay/u1/fdaM/ftpsite @bifd.tar.Z
2001.11.13 12:14 B C:\matlab\fdaM\ftpsite\@bifd.zip <-- steve /export/home/steve/ramsay/u1/fdaM/ftpsite @bifd.zip
2001.11.13 12:14 B C:\matlab\fdaM\ftpsite\@fd.tar.Z <-- steve /export/home/steve/ramsay/u1/fdaM/ftpsite @fd.tar.Z
2001.11.13 12:14 B C:\matlab\fdaM\ftpsite\@fd.zip <-- steve /export/home/steve/ramsay/u1/fdaM/ftpsite @fd.zip
2001.11.13 12:14 B C:\matlab\fdaM\ftpsite\gait.tar.Z <-- steve /export/home/steve/ramsay/u1/fdaM/ftpsite gait.tar.Z
2001.11.13 12:14 B C:\matlab\fdaM\ftpsite\gait.zip <-- steve /export/home/steve/ramsay/u1/fdaM/ftpsite gait.zip
2001.11.13 12:14 B C:\matlab\fdaM\ftpsite\growth.tar.Z <-- steve /export/home/steve/ramsay/u1/fdaM/ftpsite growth.tar.Z
2001.11.13 12:14 B C:\matlab\fdaM\ftpsite\growth.zip <-- steve /export/home/steve/ramsay/u1/fdaM/ftpsite growth.zip
2001.11.13 12:14 B C:\matlab\fdaM\ftpsite\handwrit.tar.Z <-- steve /export/home/steve/ramsay/u1/fdaM/ftpsite handwrit.tar.Z
2001.11.13 12:14 B C:\matlab\fdaM\ftpsite\handwrit.zip <-- steve /export/home/steve/ramsay/u1/fdaM/ftpsite handwrit.zip
2001.11.13 12:14 B C:\matlab\fdaM\ftpsite\INSTALL.MATLAB.UNIX <-- steve /export/home/steve/ramsay/u1/fdaM/ftpsite INSTALL.MATLAB.UNIX
2001.11.13 12:14 B C:\matlab\fdaM\ftpsite\INSTALL.MATLAB.WIN98 <-- steve /export/home/steve/ramsay/u1/fdaM/ftpsite INSTALL.MATLAB.WIN98
2001.11.13 12:14 B C:\matlab\fdaM\ftpsite\lip.tar.Z <-- steve /export/home/steve/ramsay/u1/fdaM/ftpsite lip.tar.Z
2001.11.13 12:14 B C:\matlab\fdaM\ftpsite\lip.zip <-- steve /export/home/steve/ramsay/u1/fdaM/ftpsite lip.zip
2001.11.13 12:14 B C:\matlab\fdaM\ftpsite\Matlabfunctions.tar.Z <-- steve /export/home/steve/ramsay/u1/fdaM/ftpsite Matlabfunctions.tar.Z
2001.11.13 12:14 B C:\matlab\fdaM\ftpsite\Matlabfunctions.zip <-- steve /export/home/steve/ramsay/u1/fdaM/ftpsite Matlabfunctions.zip
2001.11.13 12:14 B C:\matlab\fdaM\ftpsite\pinch.tar.Z <-- steve /export/home/steve/ramsay/u1/fdaM/ftpsite pinch.tar.Z
2001.11.13 12:14 B C:\matlab\fdaM\ftpsite\pinch.zip <-- steve /export/home/steve/ramsay/u1/fdaM/ftpsite pinch.zip
2001.11.13 12:14 B C:\matlab\fdaM\ftpsite\README <-- steve /export/home/steve/ramsay/u1/fdaM/ftpsite README
2001.11.13 12:14 B C:\matlab\fdaM\ftpsite\weather.tar.Z <-- steve /export/home/steve/ramsay/u1/fdaM/ftpsite weather.tar.Z
2001.11.13 12:14 B C:\matlab\fdaM\ftpsite\weather.zip <-- steve /export/home/steve/ramsay/u1/fdaM/ftpsite weather.zip
2001.11.15 12:16 B C:\matlab\fdaM\ftpsite\@basis.tar.Z <-- steve /export/home/steve/ramsay/u1/fdaM/ftpsite @basis.tar.Z
2001.11.15 12:16 B C:\matlab\fdaM\ftpsite\@fd.tar.Z <-- steve /export/home/steve/ramsay/u1/fdaM/ftpsite @fd.tar.Z
2001.11.15 12:16 B C:\matlab\fdaM\ftpsite\gait.tar.Z <-- steve /export/home/steve/ramsay/u1/fdaM/ftpsite gait.tar.Z
2001.11.15 12:16 B C:\matlab\fdaM\ftpsite\lip.tar.Z <-- steve /export/home/steve/ramsay/u1/fdaM/ftpsite lip.tar.Z
2001.11.15 12:16 B C:\matlab\fdaM\ftpsite\pinch.tar.Z <-- steve /export/home/steve/ramsay/u1/fdaM/ftpsite pinch.tar.Z
2001.11.15 12:16 B C:\matlab\fdaM\ftpsite\weather.tar.Z <-- steve /export/home/steve/ramsay/u1/fdaM/ftpsite weather.tar.Z
2001.11.15 12:20 B C:\matlab\fdaM\ftpsite\@basis.tar.Z --> ego.psych.mcgill.ca /home/ego/ftp/pub/ramsay/FDAfuns/Matlab/Unix @basis.tar.Z
2001.11.15 12:20 B C:\matlab\fdaM\ftpsite\@fd.tar.Z --> ego.psych.mcgill.ca /home/ego/ftp/pub/ramsay/FDAfuns/Matlab/Unix @fd.tar.Z
2001.11.15 12:20 B C:\matlab\fdaM\ftpsite\gait.tar.Z --> ego.psych.mcgill.ca /home/ego/ftp/pub/ramsay/FDAfuns/Matlab/Unix gait.tar.Z
2001.11.15 12:20 B C:\matlab\fdaM\ftpsite\lip.tar.Z --> ego.psych.mcgill.ca /home/ego/ftp/pub/ramsay/FDAfuns/Matlab/Unix lip.tar.Z
2001.11.15 12:21 B C:\matlab\fdaM\ftpsite\pinch.tar.Z --> ego.psych.mcgill.ca /home/ego/ftp/pub/ramsay/FDAfuns/Matlab/Unix pinch.tar.Z
2001.11.15 12:21 B C:\matlab\fdaM\ftpsite\weather.tar.Z --> ego.psych.mcgill.ca /home/ego/ftp/pub/ramsay/FDAfuns/Matlab/Unix weather.tar.Z
2001.11.15 12:21 B C:\matlab\fdaM\ftpsite\Matlabfunctions.tar.Z <-- steve /export/home/steve/ramsay/u1/fdaM/ftpsite Matlabfunctions.tar.Z
2001.11.15 12:22 B C:\matlab\fdaM\ftpsite\Matlabfunctions.tar.Z --> ego.psych.mcgill.ca /home/ego/ftp/pub/ramsay/FDAfuns/Matlab/Unix Matlabfunctions.tar.Z
2001.11.15 12:22 B C:\matlab\fdaM\ftpsite\@basis.zip --> ego.psych.mcgill.ca /home/ego/ftp/pub/ramsay/FDAfuns/Matlab/Windows @basis.zip
2001.11.15 12:22 B C:\matlab\fdaM\ftpsite\@fd.zip --> ego.psych.mcgill.ca /home/ego/ftp/pub/ramsay/FDAfuns/Matlab/Windows @fd.zip
2001.11.15 12:22 B C:\matlab\fdaM\ftpsite\gait.zip --> ego.psych.mcgill.ca /home/ego/ftp/pub/ramsay/FDAfuns/Matlab/Windows gait.zip
2001.11.15 12:22 B C:\matlab\fdaM\ftpsite\lip.zip --> ego.psych.mcgill.ca /home/ego/ftp/pub/ramsay/FDAfuns/Matlab/Windows lip.zip
2001.11.15 12:22 B C:\matlab\fdaM\ftpsite\Matlabfunctions.zip --> ego.psych.mcgill.ca /home/ego/ftp/pub/ramsay/FDAfuns/Matlab/Windows Matlabfunctions.zip
2001.11.15 12:22 B C:\matlab\fdaM\ftpsite\pinch.zip --> ego.psych.mcgill.ca /home/ego/ftp/pub/ramsay/FDAfuns/Matlab/Windows pinch.zip
2001.11.15 12:22 B C:\matlab\fdaM\ftpsite\weather.zip --> ego.psych.mcgill.ca /home/ego/ftp/pub/ramsay/FDAfuns/Matlab/Windows weather.zip
2002.11.06 10:12 B C:\MATLAB\fdaM\ftpsite\@basis.tar.Z --> steve.psych.mcgill.ca /export/home/steve/ramsay/Matlab/fdaM/ftpsite @basis.tar.Z
2002.11.06 10:12 B C:\MATLAB\fdaM\ftpsite\@basis.zip --> steve.psych.mcgill.ca /export/home/steve/ramsay/Matlab/fdaM/ftpsite @basis.zip
2002.11.06 10:12 B C:\MATLAB\fdaM\ftpsite\@bifd.tar.Z --> steve.psych.mcgill.ca /export/home/steve/ramsay/Matlab/fdaM/ftpsite @bifd.tar.Z
2002.11.06 10:12 B C:\MATLAB\fdaM\ftpsite\@bifd.zip --> steve.psych.mcgill.ca /export/home/steve/ramsay/Matlab/fdaM/ftpsite @bifd.zip
2002.11.06 10:12 B C:\MATLAB\fdaM\ftpsite\@fd.tar.Z --> steve.psych.mcgill.ca /export/home/steve/ramsay/Matlab/fdaM/ftpsite @fd.tar.Z
2002.11.06 10:12 B C:\MATLAB\fdaM\ftpsite\@fd.zip --> steve.psych.mcgill.ca /export/home/steve/ramsay/Matlab/fdaM/ftpsite @fd.zip
2002.11.06 10:12 B C:\MATLAB\fdaM\ftpsite\gait.tar.Z --> steve.psych.mcgill.ca /export/home/steve/ramsay/Matlab/fdaM/ftpsite gait.tar.Z
2002.11.06 10:13 B C:\MATLAB\fdaM\ftpsite\gait.zip --> steve.psych.mcgill.ca /export/home/steve/ramsay/Matlab/fdaM/ftpsite gait.zip
2002.11.06 10:13 B C:\MATLAB\fdaM\ftpsite\growth.tar.Z --> steve.psych.mcgill.ca /export/home/steve/ramsay/Matlab/fdaM/ftpsite growth.tar.Z
2002.11.06 10:13 B C:\MATLAB\fdaM\ftpsite\growth.zip --> steve.psych.mcgill.ca /export/home/steve/ramsay/Matlab/fdaM/ftpsite growth.zip
2002.11.06 10:13 B C:\MATLAB\fdaM\ftpsite\handwrit.tar.Z --> steve.psych.mcgill.ca /export/home/steve/ramsay/Matlab/fdaM/ftpsite handwrit.tar.Z
2002.11.06 10:13 B C:\MATLAB\fdaM\ftpsite\handwrit.zip --> steve.psych.mcgill.ca /export/home/steve/ramsay/Matlab/fdaM/ftpsite handwrit.zip
2002.11.06 10:13 B C:\MATLAB\fdaM\ftpsite\INSTALL.MATLAB.UNIX --> steve.psych.mcgill.ca /export/home/steve/ramsay/Matlab/fdaM/ftpsite INSTALL.MATLAB.UNIX
2002.11.06 10:13 B C:\MATLAB\fdaM\ftpsite\INSTALL.MATLAB.WIN98 --> steve.psych.mcgill.ca /export/home/steve/ramsay/Matlab/fdaM/ftpsite INSTALL.MATLAB.WIN98
2002.11.06 10:13 B C:\MATLAB\fdaM\ftpsite\lip.tar.Z --> steve.psych.mcgill.ca /export/home/steve/ramsay/Matlab/fdaM/ftpsite lip.tar.Z
2002.11.06 10:13 B C:\MATLAB\fdaM\ftpsite\lip.zip --> steve.psych.mcgill.ca /export/home/steve/ramsay/Matlab/fdaM/ftpsite lip.zip
2002.11.06 10:13 B C:\MATLAB\fdaM\ftpsite\Matlabfunctions.tar.Z --> steve.psych.mcgill.ca /export/home/steve/ramsay/Matlab/fdaM/ftpsite Matlabfunctions.tar.Z
2002.11.06 10:13 B C:\MATLAB\fdaM\ftpsite\Matlabfunctions.zip --> steve.psych.mcgill.ca /export/home/steve/ramsay/Matlab/fdaM/ftpsite Matlabfunctions.zip
2002.11.06 10:13 B C:\MATLAB\fdaM\ftpsite\pinch.tar.Z --> steve.psych.mcgill.ca /export/home/steve/ramsay/Matlab/fdaM/ftpsite pinch.tar.Z
2002.11.06 10:13 B C:\MATLAB\fdaM\ftpsite\pinch.zip --> steve.psych.mcgill.ca /export/home/steve/ramsay/Matlab/fdaM/ftpsite pinch.zip
2002.11.06 10:13 B C:\MATLAB\fdaM\ftpsite\README --> steve.psych.mcgill.ca /export/home/steve/ramsay/Matlab/fdaM/ftpsite README
2002.11.06 10:13 B C:\MATLAB\fdaM\ftpsite\weather.tar.Z --> steve.psych.mcgill.ca /export/home/steve/ramsay/Matlab/fdaM/ftpsite weather.tar.Z
2002.11.06 10:13 B C:\MATLAB\fdaM\ftpsite\weather.zip --> steve.psych.mcgill.ca /export/home/steve/ramsay/Matlab/fdaM/ftpsite weather.zip
2002.11.06 10:24 B D:\Matlab\fdaM\ftpsite\WS_FTP.LOG <-- steve /export/home/steve/ramsay/Matlab/fdaM/ftpsite WS_FTP.LOG
2003.01.15 12:28 B D:\Matlab\fdaM\ftpsite\@basis.tar.Z --> steve.psych.mcgill.ca /export/home/steve/ramsay/fdaM/ftpsite @basis.tar.Z
2003.01.15 12:28 B D:\Matlab\fdaM\ftpsite\@basis.zip --> steve.psych.mcgill.ca /export/home/steve/ramsay/fdaM/ftpsite @basis.zip
2003.01.15 12:28 B D:\Matlab\fdaM\ftpsite\@bifd.tar.Z --> steve.psych.mcgill.ca /export/home/steve/ramsay/fdaM/ftpsite @bifd.tar.Z
2003.01.15 12:28 B D:\Matlab\fdaM\ftpsite\@bifd.zip --> steve.psych.mcgill.ca /export/home/steve/ramsay/fdaM/ftpsite @bifd.zip
2003.01.15 12:28 B D:\Matlab\fdaM\ftpsite\@fd.tar.Z --> steve.psych.mcgill.ca /export/home/steve/ramsay/fdaM/ftpsite @fd.tar.Z
2003.01.15 12:28 B D:\Matlab\fdaM\ftpsite\@fd.zip --> steve.psych.mcgill.ca /export/home/steve/ramsay/fdaM/ftpsite @fd.zip
2003.01.15 12:28 B D:\Matlab\fdaM\ftpsite\gait.tar.Z --> steve.psych.mcgill.ca /export/home/steve/ramsay/fdaM/ftpsite gait.tar.Z
2003.01.15 12:28 B D:\Matlab\fdaM\ftpsite\gait.zip --> steve.psych.mcgill.ca /export/home/steve/ramsay/fdaM/ftpsite gait.zip
2003.01.15 12:28 B D:\Matlab\fdaM\ftpsite\growth.tar.Z --> steve.psych.mcgill.ca /export/home/steve/ramsay/fdaM/ftpsite growth.tar.Z
2003.01.15 12:28 B D:\Matlab\fdaM\ftpsite\growth.zip --> steve.psych.mcgill.ca /export/home/steve/ramsay/fdaM/ftpsite growth.zip
2003.01.15 12:28 B D:\Matlab\fdaM\ftpsite\handwrit.tar.Z --> steve.psych.mcgill.ca /export/home/steve/ramsay/fdaM/ftpsite handwrit.tar.Z
2003.01.15 12:28 B D:\Matlab\fdaM\ftpsite\handwrit.zip --> steve.psych.mcgill.ca /export/home/steve/ramsay/fdaM/ftpsite handwrit.zip
2003.01.15 12:28 B D:\Matlab\fdaM\ftpsite\INSTALL.MATLAB.UNIX --> steve.psych.mcgill.ca /export/home/steve/ramsay/fdaM/ftpsite INSTALL.MATLAB.UNIX
2003.01.15 12:28 B D:\Matlab\fdaM\ftpsite\INSTALL.MATLAB.WIN98 --> steve.psych.mcgill.ca /export/home/steve/ramsay/fdaM/ftpsite INSTALL.MATLAB.WIN98
2003.01.15 12:28 B D:\Matlab\fdaM\ftpsite\lip.tar.Z --> steve.psych.mcgill.ca /export/home/steve/ramsay/fdaM/ftpsite lip.tar.Z
2003.01.15 12:28 B D:\Matlab\fdaM\ftpsite\lip.zip --> steve.psych.mcgill.ca /export/home/steve/ramsay/fdaM/ftpsite lip.zip
2003.01.15 12:28 B D:\Matlab\fdaM\ftpsite\Matlabfunctions.tar.Z --> steve.psych.mcgill.ca /export/home/steve/ramsay/fdaM/ftpsite Matlabfunctions.tar.Z
2003.01.15 12:28 B D:\Matlab\fdaM\ftpsite\Matlabfunctions.zip --> steve.psych.mcgill.ca /export/home/steve/ramsay/fdaM/ftpsite Matlabfunctions.zip
2003.01.15 12:28 B D:\Matlab\fdaM\ftpsite\pinch.tar.Z --> steve.psych.mcgill.ca /export/home/steve/ramsay/fdaM/ftpsite pinch.tar.Z
2003.01.15 12:28 B D:\Matlab\fdaM\ftpsite\pinch.zip --> steve.psych.mcgill.ca /export/home/steve/ramsay/fdaM/ftpsite pinch.zip
2003.01.15 12:28 B D:\Matlab\fdaM\ftpsite\README --> steve.psych.mcgill.ca /export/home/steve/ramsay/fdaM/ftpsite README
2003.01.15 12:28 B D:\Matlab\fdaM\ftpsite\weather.tar.Z --> steve.psych.mcgill.ca /export/home/steve/ramsay/fdaM/ftpsite weather.tar.Z
2003.01.15 12:28 B D:\Matlab\fdaM\ftpsite\weather.zip --> steve.psych.mcgill.ca /export/home/steve/ramsay/fdaM/ftpsite weather.zip
2003.01.15 12:53 B C:\Matlab\fdaM\ftpsite\WS_FTP.LOG <-- steve /export/home/steve/ramsay/fdaM/ftpsite WS_FTP.LOG
2003.01.15 13:30 B C:\Matlab\fdaM\ftpsite\@basis.zip --> ego.psych.mcgill.ca /home/ego/ftp/pub/ramsay/FDAfuns/Matlab/Windows @basis.zip
2003.01.15 13:30 B C:\Matlab\fdaM\ftpsite\@bifd.zip --> ego.psych.mcgill.ca /home/ego/ftp/pub/ramsay/FDAfuns/Matlab/Windows @bifd.zip
2003.01.15 13:30 B C:\Matlab\fdaM\ftpsite\@fd.zip --> ego.psych.mcgill.ca /home/ego/ftp/pub/ramsay/FDAfuns/Matlab/Windows @fd.zip
2003.01.15 13:30 B C:\Matlab\fdaM\ftpsite\@Lfd.zip --> ego.psych.mcgill.ca /home/ego/ftp/pub/ramsay/FDAfuns/Matlab/Windows @Lfd.zip
2003.01.15 13:30 B C:\Matlab\fdaM\ftpsite\gait.zip --> ego.psych.mcgill.ca /home/ego/ftp/pub/ramsay/FDAfuns/Matlab/Windows gait.zip
2003.01.15 13:30 B C:\Matlab\fdaM\ftpsite\growth.zip --> ego.psych.mcgill.ca /home/ego/ftp/pub/ramsay/FDAfuns/Matlab/Windows growth.zip
2003.01.15 13:30 B C:\Matlab\fdaM\ftpsite\handwrit.zip --> ego.psych.mcgill.ca /home/ego/ftp/pub/ramsay/FDAfuns/Matlab/Windows handwrit.zip
2003.01.15 13:30 B C:\Matlab\fdaM\ftpsite\lip.zip --> ego.psych.mcgill.ca /home/ego/ftp/pub/ramsay/FDAfuns/Matlab/Windows lip.zip
2003.01.15 13:30 B C:\Matlab\fdaM\ftpsite\Matlabfunctions.zip --> ego.psych.mcgill.ca /home/ego/ftp/pub/ramsay/FDAfuns/Matlab/Windows Matlabfunctions.zip
2003.01.15 13:30 B C:\Matlab\fdaM\ftpsite\pinch.zip --> ego.psych.mcgill.ca /home/ego/ftp/pub/ramsay/FDAfuns/Matlab/Windows pinch.zip
2003.01.15 13:30 B C:\Matlab\fdaM\ftpsite\weather.zip --> ego.psych.mcgill.ca /home/ego/ftp/pub/ramsay/FDAfuns/Matlab/Windows weather.zip
2003.01.15 13:44 B C:\Matlab\fdaM\ftpsite\pinch.zip --> ego.psych.mcgill.ca /home/ego/ftp/pub/ramsay/FDAfuns pinch.zip
2003.01.15 13:44 B C:\Matlab\fdaM\ftpsite\README --> ego.psych.mcgill.ca /home/ego/ftp/pub/ramsay/FDAfuns README
2003.01.16 12:41 B C:\Matlab\fdaM\ftpsite\Matlabfunctions.zip --> ego.psych.mcgill.ca /home/ego/ftp/pub/ramsay/FDAfuns/Matlab/Windows Matlabfunctions.zip
2003.01.16 13:46 B C:\Matlab\fdaM\ftpsite\@basis.zip --> steve.psych.mcgill.ca /export/home/steve/ramsay/fdaM/ftpsite @basis.zip
2003.01.16 13:46 B C:\Matlab\fdaM\ftpsite\@bifd.zip --> steve.psych.mcgill.ca /export/home/steve/ramsay/fdaM/ftpsite @bifd.zip
2003.01.16 13:46 B C:\Matlab\fdaM\ftpsite\@fd.zip --> steve.psych.mcgill.ca /export/home/steve/ramsay/fdaM/ftpsite @fd.zip
2003.01.16 13:46 B C:\Matlab\fdaM\ftpsite\@Lfd.zip --> steve.psych.mcgill.ca /export/home/steve/ramsay/fdaM/ftpsite @Lfd.zip
2003.01.16 13:46 B C:\Matlab\fdaM\ftpsite\gait.zip --> steve.psych.mcgill.ca /export/home/steve/ramsay/fdaM/ftpsite gait.zip
2003.01.16 13:46 B C:\Matlab\fdaM\ftpsite\growth.zip --> steve.psych.mcgill.ca /export/home/steve/ramsay/fdaM/ftpsite growth.zip
2003.01.16 13:46 B C:\Matlab\fdaM\ftpsite\handwrit.zip --> steve.psych.mcgill.ca /export/home/steve/ramsay/fdaM/ftpsite handwrit.zip
2003.01.16 13:46 B C:\Matlab\fdaM\ftpsite\lip.zip --> steve.psych.mcgill.ca /export/home/steve/ramsay/fdaM/ftpsite lip.zip
2003.01.16 13:46 B C:\Matlab\fdaM\ftpsite\Matlabfunctions.zip --> steve.psych.mcgill.ca /export/home/steve/ramsay/fdaM/ftpsite Matlabfunctions.zip
2003.01.16 13:46 B C:\Matlab\fdaM\ftpsite\pinch.zip --> steve.psych.mcgill.ca /export/home/steve/ramsay/fdaM/ftpsite pinch.zip
2003.01.16 13:46 B C:\Matlab\fdaM\ftpsite\README --> steve.psych.mcgill.ca /export/home/steve/ramsay/fdaM/ftpsite README
2003.01.16 13:46 B C:\Matlab\fdaM\ftpsite\weather.zip --> steve.psych.mcgill.ca /export/home/steve/ramsay/fdaM/ftpsite weather.zip
2003.01.16 13:46 B C:\Matlab\fdaM\ftpsite\WS_FTP.LOG --> steve.psych.mcgill.ca /export/home/steve/ramsay/fdaM/ftpsite WS_FTP.LOG
2003.01.21 12:51 B C:\Matlab\fdaM\ftpsite\WS_FTP.LOG --> steve.psych.mcgill.ca /export/home/steve/ramsay/fdaM/ftpsite WS_FTP.LOG
2003.02.16 16:23 B C:\Matlab\fdaM\ftpsite\Matlabfunctions.zip --> ego.psych.mcgill.ca /home/ego/ftp/pub/ramsay/FDAfuns/Matlab/Windows Matlabfunctions.zip
2003.02.18 10:46 B C:\Matlab\fdaM\ftpsite\@basis.zip --> steve.psych.mcgill.ca /export/home/steve/ramsay/fdaM/ftpsite @basis.zip
2003.02.18 10:46 B C:\Matlab\fdaM\ftpsite\@fd.zip --> steve.psych.mcgill.ca /export/home/steve/ramsay/fdaM/ftpsite @fd.zip
2003.02.18 10:46 B C:\Matlab\fdaM\ftpsite\@Lfd.zip --> steve.psych.mcgill.ca /export/home/steve/ramsay/fdaM/ftpsite @Lfd.zip
2003.02.18 10:46 B C:\Matlab\fdaM\ftpsite\Matlabfunctions.zip --> steve.psych.mcgill.ca /export/home/steve/ramsay/fdaM/ftpsite Matlabfunctions.zip
2003.02.18 10:46 B C:\Matlab\fdaM\ftpsite\WS_FTP.LOG --> steve.psych.mcgill.ca /export/home/steve/ramsay/fdaM/ftpsite WS_FTP.LOG
2003.03.10 14:03 B C:\Matlab\fdaM\ftpsite\@functions.tar.Z <-- steve /export/home/steve/ramsay/u1/fdaM @functions.tar.Z
2003.03.10 14:04 B C:\Matlab\fdaM\ftpsite\@basis.tar.Z <-- steve /export/home/steve/ramsay/u1/fdaM/@basis @basis.tar.Z
2003.03.10 14:04 B C:\Matlab\fdaM\ftpsite\@bifd.tar.Z <-- steve /export/home/steve/ramsay/u1/fdaM/@bifd @bifd.tar.Z
2003.03.10 14:04 B C:\Matlab\fdaM\ftpsite\@fd.tar.Z <-- steve /export/home/steve/ramsay/u1/fdaM/@fd @fd.tar.Z
2003.03.10 14:04 B C:\Matlab\fdaM\ftpsite\@Lfd.tar.Z <-- steve /export/home/steve/ramsay/u1/fdaM/@Lfd @Lfd.tar.Z
2003.03.10 14:08 B C:\Matlab\fdaM\ftpsite\Matlabfunctions.tar.Z --> ego.psych.mcgill.ca /home/ego/ftp/pub/ramsay/FDAfuns/Matlab/Unix Matlabfunctions.tar.Z
2003.03.10 14:08 B C:\Matlab\fdaM\ftpsite\@basis.tar.Z --> ego.psych.mcgill.ca /home/ego/ftp/pub/ramsay/FDAfuns/Matlab/Unix @basis.tar.Z
2003.03.10 14:08 B C:\Matlab\fdaM\ftpsite\@bifd.tar.Z --> ego.psych.mcgill.ca /home/ego/ftp/pub/ramsay/FDAfuns/Matlab/Unix @bifd.tar.Z
2003.03.10 14:08 B C:\Matlab\fdaM\ftpsite\@fd.tar.Z --> ego.psych.mcgill.ca /home/ego/ftp/pub/ramsay/FDAfuns/Matlab/Unix @fd.tar.Z
2003.03.10 14:08 B C:\Matlab\fdaM\ftpsite\@Lfd.tar.Z --> ego.psych.mcgill.ca /home/ego/ftp/pub/ramsay/FDAfuns/Matlab/Unix @Lfd.tar.Z
2003.03.10 14:22 B C:\Matlab\fdaM\ftpsite\INSTALL.MATLAB.UNIX --> steve.psych.mcgill.ca /export/home/steve/ramsay/u1/fdaM/ftpsite INSTALL.MATLAB.UNIX
2003.03.10 14:22 B C:\Matlab\fdaM\ftpsite\INSTALL.MATLAB.WIN98 --> steve.psych.mcgill.ca /export/home/steve/ramsay/u1/fdaM/ftpsite INSTALL.MATLAB.WIN98
2003.03.10 14:27 B C:\Matlab\fdaM\ftpsite\gait.tar.Z <-- steve /export/home/steve/ramsay/u1/fdaM/ftpsite gait.tar.Z
2003.03.10 14:27 B C:\Matlab\fdaM\ftpsite\growth.tar.Z <-- steve /export/home/steve/ramsay/u1/fdaM/ftpsite growth.tar.Z
2003.03.10 14:28 B C:\Matlab\fdaM\ftpsite\handwrit.tar.Z <-- steve /export/home/steve/ramsay/u1/fdaM/ftpsite handwrit.tar.Z
2003.03.10 14:28 B C:\Matlab\fdaM\ftpsite\lip.tar.Z <-- steve /export/home/steve/ramsay/u1/fdaM/ftpsite lip.tar.Z
2003.03.10 14:28 B C:\Matlab\fdaM\ftpsite\pinch.tar.Z <-- steve /export/home/steve/ramsay/u1/fdaM/ftpsite pinch.tar.Z
2003.03.10 14:28 B C:\Matlab\fdaM\ftpsite\weather.tar.Z <-- steve /export/home/steve/ramsay/u1/fdaM/ftpsite weather.tar.Z
2003.03.10 14:32 B C:\Matlab\fdaM\ftpsite\gait.tar.Z --> ego.psych.mcgill.ca /home/ego/ftp/pub/ramsay/FDAfuns/Matlab/Unix gait.tar.Z
2003.03.10 14:32 B C:\Matlab\fdaM\ftpsite\growth.tar.Z --> ego.psych.mcgill.ca /home/ego/ftp/pub/ramsay/FDAfuns/Matlab/Unix growth.tar.Z
2003.03.10 14:32 B C:\Matlab\fdaM\ftpsite\handwrit.tar.Z --> ego.psych.mcgill.ca /home/ego/ftp/pub/ramsay/FDAfuns/Matlab/Unix handwrit.tar.Z
2003.03.10 14:32 B C:\Matlab\fdaM\ftpsite\lip.tar.Z --> ego.psych.mcgill.ca /home/ego/ftp/pub/ramsay/FDAfuns/Matlab/Unix lip.tar.Z
2003.03.10 14:33 B C:\Matlab\fdaM\ftpsite\INSTALL.MATLAB.UNIX --> ego.psych.mcgill.ca /home/ego/ftp/pub/ramsay/FDAfuns/Matlab/Unix INSTALL.MATLAB.UNIX
2003.03.10 14:33 B C:\Matlab\fdaM\ftpsite\pinch.tar.Z --> ego.psych.mcgill.ca /home/ego/ftp/pub/ramsay/FDAfuns/Matlab/Unix pinch.tar.Z
2003.03.10 14:33 B C:\Matlab\fdaM\ftpsite\weather.tar.Z --> ego.psych.mcgill.ca /home/ego/ftp/pub/ramsay/FDAfuns/Matlab/Unix weather.tar.Z
2003.03.13 11:18 B C:\Matlab\fdaM\ftpsite\Matlabfunctions.zip --> ego.psych.mcgill.ca /home/ego/ftp/pub/ramsay/FDAfuns/Matlab/Windows Matlabfunctions.zip
2003.03.13 11:18 B C:\Matlab\fdaM\ftpsite\@basis.zip --> ego.psych.mcgill.ca /home/ego/ftp/pub/ramsay/FDAfuns/Matlab/Windows @basis.zip
2003.03.13 11:18 B C:\Matlab\fdaM\ftpsite\@fd.zip --> ego.psych.mcgill.ca /home/ego/ftp/pub/ramsay/FDAfuns/Matlab/Windows @fd.zip
2003.03.13 11:18 B C:\Matlab\fdaM\ftpsite\@Lfd.zip --> ego.psych.mcgill.ca /home/ego/ftp/pub/ramsay/FDAfuns/Matlab/Windows @Lfd.zip
2003.03.13 11:29 B C:\Matlab\fdaM\ftpsite\Matlabfunctions.zip --> ego.psych.mcgill.ca /home/ego/ftp/pub/ramsay/FDAfuns/Matlab/Windows Matlabfunctions.zip
2003.03.13 11:35 B C:\Matlab\fdaM\ftpsite\Matlabfunctions.tar.Z <-- steve /export/home/steve/ramsay/u1/fdaM/ftpsite Matlabfunctions.tar.Z
2003.03.13 11:36 B C:\Matlab\fdaM\ftpsite\README --> steve.psych.mcgill.ca /export/home/steve/ramsay/u1/fdaM/ftpsite README
2003.03.13 11:37 B C:\Matlab\fdaM\ftpsite\Matlabfunctions.tar.Z --> ego.psych.mcgill.ca /home/ego/ftp/pub/ramsay/FDAfuns/Matlab/Unix Matlabfunctions.tar.Z
2003.03.13 15:39 B C:\Matlab\fdaM\ftpsite\Matlabfunctions.zip --> ego.psych.mcgill.ca /home/ego/ftp/pub/ramsay/FDAfuns/Matlab/Windows Matlabfunctions.zip
2003.03.13 15:42 B C:\Matlab\fdaM\ftpsite\Matlabfunctions.tar.Z <-- steve /export/home/steve/ramsay/u1/fdaM/ftpsite Matlabfunctions.tar.Z
2003.03.13 15:43 B C:\Matlab\fdaM\ftpsite\Matlabfunctions.tar.Z --> ego.psych.mcgill.ca /home/ego/ftp/pub/ramsay/FDAfuns/Matlab/Unix Matlabfunctions.tar.Z
2003.03.24 13:15 B C:\Matlab\fdaM\ftpsite\@fd.zip --> ego.psych.mcgill.ca /home/ego/ftp/pub/ramsay/FDAfuns/Matlab/Windows @fd.zip
2003.03.24 13:17 B C:\Matlab\fdaM\ftpsite\@fd.tar.Z <-- steve /export/home/steve/ramsay/u1/fdaM/@fd @fd.tar.Z
2003.03.24 13:19 B C:\Matlab\fdaM\ftpsite\@fd.tar.Z <-- steve /export/home/steve/ramsay/u1/fdaM/@fd @fd.tar.Z
2003.03.24 13:20 B C:\Matlab\fdaM\ftpsite\@fd.tar.Z --> ego.psych.mcgill.ca /home/ego/ftp/pub/ramsay/FDAfuns/Matlab/Unix @fd.tar.Z
2003.04.22 12:34 B C:\Matlab\fdaM\ftpsite\Matlabfunctions.zip --> ego.psych.mcgill.ca /home/ego/ftp/pub/ramsay/FDAfuns/Matlab/Windows Matlabfunctions.zip
2003.05.05 09:29 B C:\Matlab\fdaM\ftpsite\Matlabfunctions.zip --> ego.psych.mcgill.ca /home/ego/ftp/pub/ramsay/FDAfuns/Matlab/Windows Matlabfunctions.zip
2003.05.12 11:46 B C:\Matlab\fdaM\ftpsite\@basis.tar.Z --> steve.psych.mcgill.ca /export/home/steve/ramsay/fdaM/ftpsite @basis.tar.Z
2003.05.12 11:46 B C:\Matlab\fdaM\ftpsite\@basis.zip --> steve.psych.mcgill.ca /export/home/steve/ramsay/fdaM/ftpsite @basis.zip
2003.05.12 11:46 B C:\Matlab\fdaM\ftpsite\@bifd.tar.Z --> steve.psych.mcgill.ca /export/home/steve/ramsay/fdaM/ftpsite @bifd.tar.Z
2003.05.12 11:46 B C:\Matlab\fdaM\ftpsite\@bifd.zip --> steve.psych.mcgill.ca /export/home/steve/ramsay/fdaM/ftpsite @bifd.zip
2003.05.12 11:46 B C:\Matlab\fdaM\ftpsite\@fd.tar.Z --> steve.psych.mcgill.ca /export/home/steve/ramsay/fdaM/ftpsite @fd.tar.Z
2003.05.12 11:46 B C:\Matlab\fdaM\ftpsite\@fd.zip --> steve.psych.mcgill.ca /export/home/steve/ramsay/fdaM/ftpsite @fd.zip
2003.05.12 11:46 B C:\Matlab\fdaM\ftpsite\@Lfd.tar.Z --> steve.psych.mcgill.ca /export/home/steve/ramsay/fdaM/ftpsite @Lfd.tar.Z
2003.05.12 11:46 B C:\Matlab\fdaM\ftpsite\@Lfd.zip --> steve.psych.mcgill.ca /export/home/steve/ramsay/fdaM/ftpsite @Lfd.zip
2003.05.12 11:46 B C:\Matlab\fdaM\ftpsite\gait.tar.Z --> steve.psych.mcgill.ca /export/home/steve/ramsay/fdaM/ftpsite gait.tar.Z
2003.05.12 11:46 B C:\Matlab\fdaM\ftpsite\gait.zip --> steve.psych.mcgill.ca /export/home/steve/ramsay/fdaM/ftpsite gait.zip
2003.05.12 11:46 B C:\Matlab\fdaM\ftpsite\growth.tar.Z --> steve.psych.mcgill.ca /export/home/steve/ramsay/fdaM/ftpsite growth.tar.Z
2003.05.12 11:46 B C:\Matlab\fdaM\ftpsite\growth.zip --> steve.psych.mcgill.ca /export/home/steve/ramsay/fdaM/ftpsite growth.zip
2003.05.12 11:46 B C:\Matlab\fdaM\ftpsite\handwrit.tar.Z --> steve.psych.mcgill.ca /export/home/steve/ramsay/fdaM/ftpsite handwrit.tar.Z
2003.05.12 11:46 B C:\Matlab\fdaM\ftpsite\handwrit.zip --> steve.psych.mcgill.ca /export/home/steve/ramsay/fdaM/ftpsite handwrit.zip
2003.05.12 11:46 B C:\Matlab\fdaM\ftpsite\INSTALL.MATLAB.UNIX --> steve.psych.mcgill.ca /export/home/steve/ramsay/fdaM/ftpsite INSTALL.MATLAB.UNIX
2003.05.12 11:46 B C:\Matlab\fdaM\ftpsite\INSTALL.MATLAB.WIN98 --> steve.psych.mcgill.ca /export/home/steve/ramsay/fdaM/ftpsite INSTALL.MATLAB.WIN98
2003.05.12 11:46 B C:\Matlab\fdaM\ftpsite\lip.tar.Z --> steve.psych.mcgill.ca /export/home/steve/ramsay/fdaM/ftpsite lip.tar.Z
2003.05.12 11:46 B C:\Matlab\fdaM\ftpsite\lip.zip --> steve.psych.mcgill.ca /export/home/steve/ramsay/fdaM/ftpsite lip.zip
2003.05.12 11:46 B C:\Matlab\fdaM\ftpsite\Matlabfunctions.tar.Z --> steve.psych.mcgill.ca /export/home/steve/ramsay/fdaM/ftpsite Matlabfunctions.tar.Z
2003.05.12 11:46 B C:\Matlab\fdaM\ftpsite\Matlabfunctions.zip --> steve.psych.mcgill.ca /export/home/steve/ramsay/fdaM/ftpsite Matlabfunctions.zip
2003.05.12 11:46 B C:\Matlab\fdaM\ftpsite\pinch.tar.Z --> steve.psych.mcgill.ca /export/home/steve/ramsay/fdaM/ftpsite pinch.tar.Z
2003.05.12 11:46 B C:\Matlab\fdaM\ftpsite\pinch.zip --> steve.psych.mcgill.ca /export/home/steve/ramsay/fdaM/ftpsite pinch.zip
2003.05.12 11:46 B C:\Matlab\fdaM\ftpsite\README --> steve.psych.mcgill.ca /export/home/steve/ramsay/fdaM/ftpsite README
2003.05.12 11:46 B C:\Matlab\fdaM\ftpsite\weather.tar.Z --> steve.psych.mcgill.ca /export/home/steve/ramsay/fdaM/ftpsite weather.tar.Z
2003.05.12 11:46 B C:\Matlab\fdaM\ftpsite\weather.zip --> steve.psych.mcgill.ca /export/home/steve/ramsay/fdaM/ftpsite weather.zip
2003.05.12 12:25 B C:\Matlab\fdaM\ftpsite\WS_FTP.LOG <-- steve /export/home/steve/ramsay/Matlab/fdaM/ftpsite WS_FTP.LOG
2003.08.01 18:14 B C:\Matlab\fdaM\ftpsite\@basis.tar.Z --> ego.psych.mcgill.ca /home/ego/ramsay/Matlab/fdaM/ftpsite @basis.tar.Z
2003.08.01 18:14 B C:\Matlab\fdaM\ftpsite\@basis.zip --> ego.psych.mcgill.ca /home/ego/ramsay/Matlab/fdaM/ftpsite @basis.zip
2003.08.01 18:14 B C:\Matlab\fdaM\ftpsite\@bifd.tar.Z --> ego.psych.mcgill.ca /home/ego/ramsay/Matlab/fdaM/ftpsite @bifd.tar.Z
2003.08.01 18:14 B C:\Matlab\fdaM\ftpsite\@bifd.zip --> ego.psych.mcgill.ca /home/ego/ramsay/Matlab/fdaM/ftpsite @bifd.zip
2003.08.01 18:14 B C:\Matlab\fdaM\ftpsite\@fd.tar.Z --> ego.psych.mcgill.ca /home/ego/ramsay/Matlab/fdaM/ftpsite @fd.tar.Z
2003.08.01 18:14 B C:\Matlab\fdaM\ftpsite\@fd.zip --> ego.psych.mcgill.ca /home/ego/ramsay/Matlab/fdaM/ftpsite @fd.zip
2003.08.01 18:14 B C:\Matlab\fdaM\ftpsite\@Lfd.tar.Z --> ego.psych.mcgill.ca /home/ego/ramsay/Matlab/fdaM/ftpsite @Lfd.tar.Z
2003.08.01 18:14 B C:\Matlab\fdaM\ftpsite\@Lfd.zip --> ego.psych.mcgill.ca /home/ego/ramsay/Matlab/fdaM/ftpsite @Lfd.zip
2003.08.01 18:14 B C:\Matlab\fdaM\ftpsite\gait.tar.Z --> ego.psych.mcgill.ca /home/ego/ramsay/Matlab/fdaM/ftpsite gait.tar.Z
2003.08.01 18:14 B C:\Matlab\fdaM\ftpsite\gait.zip --> ego.psych.mcgill.ca /home/ego/ramsay/Matlab/fdaM/ftpsite gait.zip
2003.08.01 18:14 B C:\Matlab\fdaM\ftpsite\growth.tar.Z --> ego.psych.mcgill.ca /home/ego/ramsay/Matlab/fdaM/ftpsite growth.tar.Z
2003.08.01 18:14 B C:\Matlab\fdaM\ftpsite\growth.zip --> ego.psych.mcgill.ca /home/ego/ramsay/Matlab/fdaM/ftpsite growth.zip
2003.08.01 18:14 B C:\Matlab\fdaM\ftpsite\handwrit.tar.Z --> ego.psych.mcgill.ca /home/ego/ramsay/Matlab/fdaM/ftpsite handwrit.tar.Z
2003.08.01 18:14 B C:\Matlab\fdaM\ftpsite\handwrit.zip --> ego.psych.mcgill.ca /home/ego/ramsay/Matlab/fdaM/ftpsite handwrit.zip
2003.08.01 18:14 B C:\Matlab\fdaM\ftpsite\INSTALL.MATLAB.UNIX --> ego.psych.mcgill.ca /home/ego/ramsay/Matlab/fdaM/ftpsite INSTALL.MATLAB.UNIX
2003.08.01 18:14 B C:\Matlab\fdaM\ftpsite\INSTALL.MATLAB.WIN98 --> ego.psych.mcgill.ca /home/ego/ramsay/Matlab/fdaM/ftpsite INSTALL.MATLAB.WIN98
2003.08.01 18:14 B C:\Matlab\fdaM\ftpsite\lip.tar.Z --> ego.psych.mcgill.ca /home/ego/ramsay/Matlab/fdaM/ftpsite lip.tar.Z
2003.08.01 18:14 B C:\Matlab\fdaM\ftpsite\lip.zip --> ego.psych.mcgill.ca /home/ego/ramsay/Matlab/fdaM/ftpsite lip.zip
2003.08.01 18:14 B C:\Matlab\fdaM\ftpsite\Matlabfunctions.tar.Z --> ego.psych.mcgill.ca /home/ego/ramsay/Matlab/fdaM/ftpsite Matlabfunctions.tar.Z
2003.08.01 18:14 B C:\Matlab\fdaM\ftpsite\Matlabfunctions.zip --> ego.psych.mcgill.ca /home/ego/ramsay/Matlab/fdaM/ftpsite Matlabfunctions.zip
2003.08.01 18:14 B C:\Matlab\fdaM\ftpsite\pinch.tar.Z --> ego.psych.mcgill.ca /home/ego/ramsay/Matlab/fdaM/ftpsite pinch.tar.Z
2003.08.01 18:14 B C:\Matlab\fdaM\ftpsite\pinch.zip --> ego.psych.mcgill.ca /home/ego/ramsay/Matlab/fdaM/ftpsite pinch.zip
2003.08.01 18:14 B C:\Matlab\fdaM\ftpsite\README --> ego.psych.mcgill.ca /home/ego/ramsay/Matlab/fdaM/ftpsite README
2003.08.01 18:14 B C:\Matlab\fdaM\ftpsite\weather.tar.Z --> ego.psych.mcgill.ca /home/ego/ramsay/Matlab/fdaM/ftpsite weather.tar.Z
2003.08.01 18:14 B C:\Matlab\fdaM\ftpsite\weather.zip --> ego.psych.mcgill.ca /home/ego/ramsay/Matlab/fdaM/ftpsite weather.zip
2003.08.01 18:14 B C:\Matlab\fdaM\ftpsite\WS_FTP.LOG --> ego.psych.mcgill.ca /home/ego/ramsay/Matlab/fdaM/ftpsite WS_FTP.LOG
2003.10.27 13:22 B C:\Matlab\fdaM\ftpsite\Matlabfunctions.zip --> ego.psych.mcgill.ca /home/ego/ftp/pub/ramsay/FDAfuns/Matlab/Windows Matlabfunctions.zip
2004.09.06 19:27 B C:\Matlab\fdaM\ftpsite\@basis.zip --> ego.psych.mcgill.ca /home/ego/ftp/pub/ramsay/FDAfuns/Matlab/Windows @basis.zip
2004.09.06 19:27 B C:\Matlab\fdaM\ftpsite\@bifd.zip --> ego.psych.mcgill.ca /home/ego/ftp/pub/ramsay/FDAfuns/Matlab/Windows @bifd.zip
2004.09.06 19:27 B C:\Matlab\fdaM\ftpsite\@fd.zip --> ego.psych.mcgill.ca /home/ego/ftp/pub/ramsay/FDAfuns/Matlab/Windows @fd.zip
2004.09.06 19:27 B C:\Matlab\fdaM\ftpsite\@fdPar.zip --> ego.psych.mcgill.ca /home/ego/ftp/pub/ramsay/FDAfuns/Matlab/Windows @fdPar.zip
2004.09.06 19:27 B C:\Matlab\fdaM\ftpsite\@Lfd.zip --> ego.psych.mcgill.ca /home/ego/ftp/pub/ramsay/FDAfuns/Matlab/Windows @Lfd.zip
2004.09.06 19:27 B C:\Matlab\fdaM\ftpsite\gait.zip --> ego.psych.mcgill.ca /home/ego/ftp/pub/ramsay/FDAfuns/Matlab/Windows gait.zip
2004.09.06 19:27 B C:\Matlab\fdaM\ftpsite\goodsindex.zip --> ego.psych.mcgill.ca /home/ego/ftp/pub/ramsay/FDAfuns/Matlab/Windows goodsindex.zip
2004.09.06 19:27 B C:\Matlab\fdaM\ftpsite\growth.zip --> ego.psych.mcgill.ca /home/ego/ftp/pub/ramsay/FDAfuns/Matlab/Windows growth.zip
2004.09.06 19:27 B C:\Matlab\fdaM\ftpsite\handwrit.zip --> ego.psych.mcgill.ca /home/ego/ftp/pub/ramsay/FDAfuns/Matlab/Windows handwrit.zip
2004.09.06 19:27 B C:\Matlab\fdaM\ftpsite\lip.zip --> ego.psych.mcgill.ca /home/ego/ftp/pub/ramsay/FDAfuns/Matlab/Windows lip.zip
2004.09.06 19:27 B C:\Matlab\fdaM\ftpsite\Matlabfunctions.zip --> ego.psych.mcgill.ca /home/ego/ftp/pub/ramsay/FDAfuns/Matlab/Windows Matlabfunctions.zip
2004.09.06 19:27 B C:\Matlab\fdaM\ftpsite\pinch.zip --> ego.psych.mcgill.ca /home/ego/ftp/pub/ramsay/FDAfuns/Matlab/Windows pinch.zip
2004.09.06 19:27 B C:\Matlab\fdaM\ftpsite\weather.zip --> ego.psych.mcgill.ca /home/ego/ftp/pub/ramsay/FDAfuns/Matlab/Windows weather.zip
2004.09.06 19:27 B C:\Matlab\fdaM\ftpsite\README.txt --> ego.psych.mcgill.ca /home/ego/ftp/pub/ramsay/FDAfuns README.txt
2004.12.01 11:44 B C:\MATLAB7\fdaM\ftpsite\@basis.zip --> ego.psych.mcgill.ca /home/ego/ftp/pub/ramsay/FDAfuns/Matlab/Windows @basis.zip
2004.12.01 11:44 B C:\MATLAB7\fdaM\ftpsite\@bifd.zip --> ego.psych.mcgill.ca /home/ego/ftp/pub/ramsay/FDAfuns/Matlab/Windows @bifd.zip
2004.12.01 11:44 B C:\MATLAB7\fdaM\ftpsite\@fd.zip --> ego.psych.mcgill.ca /home/ego/ftp/pub/ramsay/FDAfuns/Matlab/Windows @fd.zip
2004.12.01 11:44 B C:\MATLAB7\fdaM\ftpsite\@fdPar.zip --> ego.psych.mcgill.ca /home/ego/ftp/pub/ramsay/FDAfuns/Matlab/Windows @fdPar.zip
2004.12.01 11:44 B C:\MATLAB7\fdaM\ftpsite\@Lfd.zip --> ego.psych.mcgill.ca /home/ego/ftp/pub/ramsay/FDAfuns/Matlab/Windows @Lfd.zip
2004.12.01 11:44 B C:\MATLAB7\fdaM\ftpsite\gait.zip --> ego.psych.mcgill.ca /home/ego/ftp/pub/ramsay/FDAfuns/Matlab/Windows gait.zip
2004.12.01 11:44 B C:\MATLAB7\fdaM\ftpsite\goodsindex.zip --> ego.psych.mcgill.ca /home/ego/ftp/pub/ramsay/FDAfuns/Matlab/Windows goodsindex.zip
2004.12.01 11:44 B C:\MATLAB7\fdaM\ftpsite\growth.zip --> ego.psych.mcgill.ca /home/ego/ftp/pub/ramsay/FDAfuns/Matlab/Windows growth.zip
2004.12.01 11:44 B C:\MATLAB7\fdaM\ftpsite\handwrit.zip --> ego.psych.mcgill.ca /home/ego/ftp/pub/ramsay/FDAfuns/Matlab/Windows handwrit.zip
2004.12.01 11:45 B C:\MATLAB7\fdaM\ftpsite\INSTALL.MATLAB.WIN.txt --> ego.psych.mcgill.ca /home/ego/ftp/pub/ramsay/FDAfuns/Matlab/Windows INSTALL.MATLAB.WIN.txt
2004.12.01 11:45 B C:\MATLAB7\fdaM\ftpsite\lip.zip --> ego.psych.mcgill.ca /home/ego/ftp/pub/ramsay/FDAfuns/Matlab/Windows lip.zip
2004.12.01 11:45 B C:\MATLAB7\fdaM\ftpsite\Matlabfunctions.zip --> ego.psych.mcgill.ca /home/ego/ftp/pub/ramsay/FDAfuns/Matlab/Windows Matlabfunctions.zip
2004.12.01 11:45 B C:\MATLAB7\fdaM\ftpsite\pinch.zip --> ego.psych.mcgill.ca /home/ego/ftp/pub/ramsay/FDAfuns/Matlab/Windows pinch.zip
2004.12.01 11:45 B C:\MATLAB7\fdaM\ftpsite\README --> ego.psych.mcgill.ca /home/ego/ftp/pub/ramsay/FDAfuns/Matlab/Windows README
2004.12.01 11:45 B C:\MATLAB7\fdaM\ftpsite\README.txt --> ego.psych.mcgill.ca /home/ego/ftp/pub/ramsay/FDAfuns/Matlab/Windows README.txt
2004.12.01 11:45 B C:\MATLAB7\fdaM\ftpsite\weather.zip --> ego.psych.mcgill.ca /home/ego/ftp/pub/ramsay/FDAfuns/Matlab/Windows weather.zip
2005.01.04 16:07 B C:\MATLAB7\fdaM\ftpsite\@basis.zip --> ego.psych.mcgill.ca /home/ego/ftp/pub/ramsay/FDAfuns/Matlab/Windows @basis.zip
2005.01.04 16:07 B C:\MATLAB7\fdaM\ftpsite\@bifd.zip --> ego.psych.mcgill.ca /home/ego/ftp/pub/ramsay/FDAfuns/Matlab/Windows @bifd.zip
2005.01.04 16:07 B C:\MATLAB7\fdaM\ftpsite\@fd.zip --> ego.psych.mcgill.ca /home/ego/ftp/pub/ramsay/FDAfuns/Matlab/Windows @fd.zip
2005.01.04 16:07 B C:\MATLAB7\fdaM\ftpsite\@fdPar.zip --> ego.psych.mcgill.ca /home/ego/ftp/pub/ramsay/FDAfuns/Matlab/Windows @fdPar.zip
2005.01.04 16:07 B C:\MATLAB7\fdaM\ftpsite\@Lfd.zip --> ego.psych.mcgill.ca /home/ego/ftp/pub/ramsay/FDAfuns/Matlab/Windows @Lfd.zip
2005.01.04 16:07 B C:\MATLAB7\fdaM\ftpsite\gait.zip --> ego.psych.mcgill.ca /home/ego/ftp/pub/ramsay/FDAfuns/Matlab/Windows gait.zip
2005.01.04 16:07 B C:\MATLAB7\fdaM\ftpsite\goodsindex.zip --> ego.psych.mcgill.ca /home/ego/ftp/pub/ramsay/FDAfuns/Matlab/Windows goodsindex.zip
2005.01.04 16:07 B C:\MATLAB7\fdaM\ftpsite\growth.zip --> ego.psych.mcgill.ca /home/ego/ftp/pub/ramsay/FDAfuns/Matlab/Windows growth.zip
2005.01.04 16:07 B C:\MATLAB7\fdaM\ftpsite\handwrit.zip --> ego.psych.mcgill.ca /home/ego/ftp/pub/ramsay/FDAfuns/Matlab/Windows handwrit.zip
2005.01.04 16:07 B C:\MATLAB7\fdaM\ftpsite\lip.zip --> ego.psych.mcgill.ca /home/ego/ftp/pub/ramsay/FDAfuns/Matlab/Windows lip.zip
2005.01.04 16:07 B C:\MATLAB7\fdaM\ftpsite\Matlabfunctions.zip --> ego.psych.mcgill.ca /home/ego/ftp/pub/ramsay/FDAfuns/Matlab/Windows Matlabfunctions.zip
2005.01.04 16:07 B C:\MATLAB7\fdaM\ftpsite\melanoma.zip --> ego.psych.mcgill.ca /home/ego/ftp/pub/ramsay/FDAfuns/Matlab/Windows melanoma.zip
2005.01.04 16:07 B C:\MATLAB7\fdaM\ftpsite\pinch.zip --> ego.psych.mcgill.ca /home/ego/ftp/pub/ramsay/FDAfuns/Matlab/Windows pinch.zip
2005.01.04 16:07 B C:\MATLAB7\fdaM\ftpsite\refinery.zip --> ego.psych.mcgill.ca /home/ego/ftp/pub/ramsay/FDAfuns/Matlab/Windows refinery.zip
2005.01.04 16:07 B C:\MATLAB7\fdaM\ftpsite\weather.zip --> ego.psych.mcgill.ca /home/ego/ftp/pub/ramsay/FDAfuns/Matlab/Windows weather.zip
