2001.06.04 17:05 B C:\matlab\fdaM\examples\pinch\pinch.zip --> steve.psych.mcgill.ca /export/home/steve/ramsay/u1/fdaM/ftpsite pinch.zip
2001.11.12 14:25 B C:\matlab\fdaM\examples\pinch\pinch.zip --> ego.psych.mcgill.ca /pub/ramsay/FDAfuns/Matlab/Windows pinch.zip
2001.11.13 10:02 B C:\matlab\fdaM\examples\pinch\pinch.zip --> steve.psych.mcgill.ca /export/home/steve/ramsay/u1/fdaM/ftpsite pinch.zip
2001.11.13 10:03 B C:\matlab\fdaM\examples\pinch\pinch.m --> steve.psych.mcgill.ca /export/home/steve/ramsay/u1/fdaM/examples/pinch pinch.m
2001.11.15 12:06 B C:\matlab\fdaM\examples\pinch\pinch.m --> steve.psych.mcgill.ca /export/home/steve/ramsay/u1/fdaM/examples/pinch pinch.m
2002.11.06 10:12 B C:\MATLAB\fdaM\examples\pinch\pinch.dat --> steve.psych.mcgill.ca /export/home/steve/ramsay/Matlab/fdaM/examples/pinch pinch.dat
2002.11.06 10:12 B C:\MATLAB\fdaM\examples\pinch\pinch.m --> steve.psych.mcgill.ca /export/home/steve/ramsay/Matlab/fdaM/examples/pinch pinch.m
2002.11.06 10:12 B C:\MATLAB\fdaM\examples\pinch\pinch.zip --> steve.psych.mcgill.ca /export/home/steve/ramsay/Matlab/fdaM/examples/pinch pinch.zip
2002.11.06 10:24 B D:\Matlab\fdaM\examples\pinch\WS_FTP.LOG <-- steve /export/home/steve/ramsay/Matlab/fdaM/examples/pinch WS_FTP.LOG
2003.01.15 12:28 B D:\Matlab\fdaM\examples\pinch\pinch.asv --> steve.psych.mcgill.ca /export/home/steve/ramsay/fdaM/examples/pinch pinch.asv
2003.01.15 12:28 B D:\Matlab\fdaM\examples\pinch\pinch.dat --> steve.psych.mcgill.ca /export/home/steve/ramsay/fdaM/examples/pinch pinch.dat
2003.01.15 12:28 B D:\Matlab\fdaM\examples\pinch\pinch.m --> steve.psych.mcgill.ca /export/home/steve/ramsay/fdaM/examples/pinch pinch.m
2003.01.15 12:28 B D:\Matlab\fdaM\examples\pinch\pinch.zip --> steve.psych.mcgill.ca /export/home/steve/ramsay/fdaM/examples/pinch pinch.zip
2003.01.15 12:53 B C:\Matlab\fdaM\examples\pinch\WS_FTP.LOG <-- steve /export/home/steve/ramsay/fdaM/examples/pinch WS_FTP.LOG
2003.01.16 13:46 B C:\Matlab\fdaM\examples\pinch\WS_FTP.LOG --> steve.psych.mcgill.ca /export/home/steve/ramsay/fdaM/examples/pinch WS_FTP.LOG
2003.01.21 12:51 B C:\Matlab\fdaM\examples\pinch\WS_FTP.LOG --> steve.psych.mcgill.ca /export/home/steve/ramsay/fdaM/examples/pinch WS_FTP.LOG
2003.02.18 10:46 B C:\Matlab\fdaM\examples\pinch\WS_FTP.LOG --> steve.psych.mcgill.ca /export/home/steve/ramsay/fdaM/examples/pinch WS_FTP.LOG
2003.03.10 14:11 B C:\Matlab\fdaM\examples\pinch\pinch.m --> steve.psych.mcgill.ca /export/home/steve/ramsay/u1/fdaM/examples/pinch pinch.m
2003.05.12 11:46 B C:\Matlab\fdaM\examples\pinch\pinch.asv --> steve.psych.mcgill.ca /export/home/steve/ramsay/fdaM/examples/pinch pinch.asv
2003.05.12 11:46 B C:\Matlab\fdaM\examples\pinch\pinch.dat --> steve.psych.mcgill.ca /export/home/steve/ramsay/fdaM/examples/pinch pinch.dat
2003.05.12 11:46 B C:\Matlab\fdaM\examples\pinch\pinch.m --> steve.psych.mcgill.ca /export/home/steve/ramsay/fdaM/examples/pinch pinch.m
2003.05.12 11:46 B C:\Matlab\fdaM\examples\pinch\pinch.zip --> steve.psych.mcgill.ca /export/home/steve/ramsay/fdaM/examples/pinch pinch.zip
2003.05.12 12:24 B C:\Matlab\fdaM\examples\pinch\WS_FTP.LOG <-- steve /export/home/steve/ramsay/Matlab/fdaM/examples/pinch WS_FTP.LOG
2003.08.01 18:13 B C:\Matlab\fdaM\examples\pinch\pinch.asv --> ego.psych.mcgill.ca /home/ego/ramsay/Matlab/fdaM/examples/pinch pinch.asv
2003.08.01 18:13 B C:\Matlab\fdaM\examples\pinch\pinch.dat --> ego.psych.mcgill.ca /home/ego/ramsay/Matlab/fdaM/examples/pinch pinch.dat
2003.08.01 18:13 B C:\Matlab\fdaM\examples\pinch\pinch.m --> ego.psych.mcgill.ca /home/ego/ramsay/Matlab/fdaM/examples/pinch pinch.m
2003.08.01 18:13 B C:\Matlab\fdaM\examples\pinch\pinch.zip --> ego.psych.mcgill.ca /home/ego/ramsay/Matlab/fdaM/examples/pinch pinch.zip
2003.08.01 18:13 B C:\Matlab\fdaM\examples\pinch\WS_FTP.LOG --> ego.psych.mcgill.ca /home/ego/ramsay/Matlab/fdaM/examples/pinch WS_FTP.LOG
