2001.06.04 17:05 B C:\matlab\fdaM\examples\lip\lip.zip --> steve.psych.mcgill.ca /export/home/steve/ramsay/u1/fdaM/ftpsite lip.zip
2001.11.12 14:25 B C:\matlab\fdaM\examples\lip\lip.zip --> ego.psych.mcgill.ca /pub/ramsay/FDAfuns/Matlab/Windows lip.zip
2001.11.13 10:02 B C:\matlab\fdaM\examples\lip\lip.zip --> steve.psych.mcgill.ca /export/home/steve/ramsay/u1/fdaM/ftpsite lip.zip
2001.11.13 10:03 B C:\matlab\fdaM\examples\lip\lip.m --> steve.psych.mcgill.ca /export/home/steve/ramsay/u1/fdaM/examples/lip lip.m
2001.11.15 12:06 B C:\matlab\fdaM\examples\lip\lip.m --> steve.psych.mcgill.ca /export/home/steve/ramsay/u1/fdaM/examples/lip lip.m
2002.11.06 10:12 B C:\MATLAB\fdaM\examples\lip\lip.dat --> steve.psych.mcgill.ca /export/home/steve/ramsay/Matlab/fdaM/examples/lip lip.dat
2002.11.06 10:12 B C:\MATLAB\fdaM\examples\lip\lip.m --> steve.psych.mcgill.ca /export/home/steve/ramsay/Matlab/fdaM/examples/lip lip.m
2002.11.06 10:12 B C:\MATLAB\fdaM\examples\lip\lip.zip --> steve.psych.mcgill.ca /export/home/steve/ramsay/Matlab/fdaM/examples/lip lip.zip
2002.11.06 10:12 B C:\MATLAB\fdaM\examples\lip\lipmarks.mat --> steve.psych.mcgill.ca /export/home/steve/ramsay/Matlab/fdaM/examples/lip lipmarks.mat
2002.11.06 10:24 B D:\Matlab\fdaM\examples\lip\WS_FTP.LOG <-- steve /export/home/steve/ramsay/Matlab/fdaM/examples/lip WS_FTP.LOG
2003.01.15 12:27 B D:\Matlab\fdaM\examples\lip\lip.asv --> steve.psych.mcgill.ca /export/home/steve/ramsay/fdaM/examples/lip lip.asv
2003.01.15 12:27 B D:\Matlab\fdaM\examples\lip\lip.dat --> steve.psych.mcgill.ca /export/home/steve/ramsay/fdaM/examples/lip lip.dat
2003.01.15 12:27 B D:\Matlab\fdaM\examples\lip\lip.m --> steve.psych.mcgill.ca /export/home/steve/ramsay/fdaM/examples/lip lip.m
2003.01.15 12:27 B D:\Matlab\fdaM\examples\lip\lip.zip --> steve.psych.mcgill.ca /export/home/steve/ramsay/fdaM/examples/lip lip.zip
2003.01.15 12:27 B D:\Matlab\fdaM\examples\lip\lipmarks.mat --> steve.psych.mcgill.ca /export/home/steve/ramsay/fdaM/examples/lip lipmarks.mat
2003.01.15 12:53 B C:\Matlab\fdaM\examples\lip\WS_FTP.LOG <-- steve /export/home/steve/ramsay/fdaM/examples/lip WS_FTP.LOG
2003.01.16 13:46 B C:\Matlab\fdaM\examples\lip\WS_FTP.LOG --> steve.psych.mcgill.ca /export/home/steve/ramsay/fdaM/examples/lip WS_FTP.LOG
2003.01.21 12:51 B C:\Matlab\fdaM\examples\lip\WS_FTP.LOG --> steve.psych.mcgill.ca /export/home/steve/ramsay/fdaM/examples/lip WS_FTP.LOG
2003.02.18 10:46 B C:\Matlab\fdaM\examples\lip\WS_FTP.LOG --> steve.psych.mcgill.ca /export/home/steve/ramsay/fdaM/examples/lip WS_FTP.LOG
2003.03.10 14:11 B C:\Matlab\fdaM\examples\lip\lip.m --> steve.psych.mcgill.ca /export/home/steve/ramsay/u1/fdaM/examples/lip lip.m
2003.03.10 14:11 B C:\Matlab\fdaM\examples\lip\lipmarks.mat --> steve.psych.mcgill.ca /export/home/steve/ramsay/u1/fdaM/examples/lip lipmarks.mat
2003.05.12 11:46 B C:\Matlab\fdaM\examples\lip\lip.asv --> steve.psych.mcgill.ca /export/home/steve/ramsay/fdaM/examples/lip lip.asv
2003.05.12 11:46 B C:\Matlab\fdaM\examples\lip\lip.dat --> steve.psych.mcgill.ca /export/home/steve/ramsay/fdaM/examples/lip lip.dat
2003.05.12 11:46 B C:\Matlab\fdaM\examples\lip\lip.m --> steve.psych.mcgill.ca /export/home/steve/ramsay/fdaM/examples/lip lip.m
2003.05.12 11:46 B C:\Matlab\fdaM\examples\lip\lip.zip --> steve.psych.mcgill.ca /export/home/steve/ramsay/fdaM/examples/lip lip.zip
2003.05.12 11:46 B C:\Matlab\fdaM\examples\lip\lipmarks.mat --> steve.psych.mcgill.ca /export/home/steve/ramsay/fdaM/examples/lip lipmarks.mat
2003.05.12 12:24 B C:\Matlab\fdaM\examples\lip\WS_FTP.LOG <-- steve /export/home/steve/ramsay/Matlab/fdaM/examples/lip WS_FTP.LOG
2003.08.01 18:13 B C:\Matlab\fdaM\examples\lip\lip.asv --> ego.psych.mcgill.ca /home/ego/ramsay/Matlab/fdaM/examples/lip lip.asv
2003.08.01 18:13 B C:\Matlab\fdaM\examples\lip\lip.dat --> ego.psych.mcgill.ca /home/ego/ramsay/Matlab/fdaM/examples/lip lip.dat
2003.08.01 18:13 B C:\Matlab\fdaM\examples\lip\lip.m --> ego.psych.mcgill.ca /home/ego/ramsay/Matlab/fdaM/examples/lip lip.m
2003.08.01 18:13 B C:\Matlab\fdaM\examples\lip\lip.zip --> ego.psych.mcgill.ca /home/ego/ramsay/Matlab/fdaM/examples/lip lip.zip
2003.08.01 18:13 B C:\Matlab\fdaM\examples\lip\lipmarks.mat --> ego.psych.mcgill.ca /home/ego/ramsay/Matlab/fdaM/examples/lip lipmarks.mat
2003.08.01 18:13 B C:\Matlab\fdaM\examples\lip\WS_FTP.LOG --> ego.psych.mcgill.ca /home/ego/ramsay/Matlab/fdaM/examples/lip WS_FTP.LOG
