2001.06.04 17:05 B C:\matlab\fdaM\examples\growth\growth.zip --> steve.psych.mcgill.ca /export/home/steve/ramsay/u1/fdaM/ftpsite growth.zip
2001.11.12 14:24 B C:\matlab\fdaM\examples\growth\growth.zip --> ego.psych.mcgill.ca /pub/ramsay/FDAfuns/Matlab/Windows growth.zip
2001.11.13 10:02 B C:\matlab\fdaM\examples\growth\growth.zip --> steve.psych.mcgill.ca /export/home/steve/ramsay/u1/fdaM/ftpsite growth.zip
2002.11.06 10:12 B C:\MATLAB\fdaM\examples\growth\growth.m --> steve.psych.mcgill.ca /export/home/steve/ramsay/Matlab/fdaM/examples/growth growth.m
2002.11.06 10:12 B C:\MATLAB\fdaM\examples\growth\growth.zip --> steve.psych.mcgill.ca /export/home/steve/ramsay/Matlab/fdaM/examples/growth growth.zip
2002.11.06 10:12 B C:\MATLAB\fdaM\examples\growth\growthplot.m --> steve.psych.mcgill.ca /export/home/steve/ramsay/Matlab/fdaM/examples/growth growthplot.m
2002.11.06 10:12 B C:\MATLAB\fdaM\examples\growth\hgtage.dat --> steve.psych.mcgill.ca /export/home/steve/ramsay/Matlab/fdaM/examples/growth hgtage.dat
2002.11.06 10:12 B C:\MATLAB\fdaM\examples\growth\hgtf.dat --> steve.psych.mcgill.ca /export/home/steve/ramsay/Matlab/fdaM/examples/growth hgtf.dat
2002.11.06 10:12 B C:\MATLAB\fdaM\examples\growth\hgtm.dat --> steve.psych.mcgill.ca /export/home/steve/ramsay/Matlab/fdaM/examples/growth hgtm.dat
2002.11.06 10:12 B C:\MATLAB\fdaM\examples\growth\menusetup.m --> steve.psych.mcgill.ca /export/home/steve/ramsay/Matlab/fdaM/examples/growth menusetup.m
2002.11.06 10:12 B C:\MATLAB\fdaM\examples\growth\monogrowth.m --> steve.psych.mcgill.ca /export/home/steve/ramsay/Matlab/fdaM/examples/growth monogrowth.m
2002.11.06 10:12 B C:\MATLAB\fdaM\examples\growth\onechild.dat --> steve.psych.mcgill.ca /export/home/steve/ramsay/Matlab/fdaM/examples/growth onechild.dat
2002.11.06 10:24 B D:\Matlab\fdaM\examples\growth\WS_FTP.LOG <-- steve /export/home/steve/ramsay/Matlab/fdaM/examples/growth WS_FTP.LOG
2003.01.15 12:27 B D:\Matlab\fdaM\examples\growth\growth.asv --> steve.psych.mcgill.ca /export/home/steve/ramsay/fdaM/examples/growth growth.asv
2003.01.15 12:27 B D:\Matlab\fdaM\examples\growth\growth.m --> steve.psych.mcgill.ca /export/home/steve/ramsay/fdaM/examples/growth growth.m
2003.01.15 12:27 B D:\Matlab\fdaM\examples\growth\growth.zip --> steve.psych.mcgill.ca /export/home/steve/ramsay/fdaM/examples/growth growth.zip
2003.01.15 12:27 B D:\Matlab\fdaM\examples\growth\growthplot.m --> steve.psych.mcgill.ca /export/home/steve/ramsay/fdaM/examples/growth growthplot.m
2003.01.15 12:27 B D:\Matlab\fdaM\examples\growth\hgtage.dat --> steve.psych.mcgill.ca /export/home/steve/ramsay/fdaM/examples/growth hgtage.dat
2003.01.15 12:27 B D:\Matlab\fdaM\examples\growth\hgtf.dat --> steve.psych.mcgill.ca /export/home/steve/ramsay/fdaM/examples/growth hgtf.dat
2003.01.15 12:27 B D:\Matlab\fdaM\examples\growth\hgtm.dat --> steve.psych.mcgill.ca /export/home/steve/ramsay/fdaM/examples/growth hgtm.dat
2003.01.15 12:27 B D:\Matlab\fdaM\examples\growth\menusetup.m --> steve.psych.mcgill.ca /export/home/steve/ramsay/fdaM/examples/growth menusetup.m
2003.01.15 12:27 B D:\Matlab\fdaM\examples\growth\monogrowth.m --> steve.psych.mcgill.ca /export/home/steve/ramsay/fdaM/examples/growth monogrowth.m
2003.01.15 12:27 B D:\Matlab\fdaM\examples\growth\onechild.dat --> steve.psych.mcgill.ca /export/home/steve/ramsay/fdaM/examples/growth onechild.dat
2003.01.15 12:53 B C:\Matlab\fdaM\examples\growth\WS_FTP.LOG <-- steve /export/home/steve/ramsay/fdaM/examples/growth WS_FTP.LOG
2003.01.16 13:46 B C:\Matlab\fdaM\examples\growth\WS_FTP.LOG --> steve.psych.mcgill.ca /export/home/steve/ramsay/fdaM/examples/growth WS_FTP.LOG
2003.01.21 12:51 B C:\Matlab\fdaM\examples\growth\WS_FTP.LOG --> steve.psych.mcgill.ca /export/home/steve/ramsay/fdaM/examples/growth WS_FTP.LOG
2003.02.18 10:46 B C:\Matlab\fdaM\examples\growth\WS_FTP.LOG --> steve.psych.mcgill.ca /export/home/steve/ramsay/fdaM/examples/growth WS_FTP.LOG
2003.03.10 14:10 B C:\Matlab\fdaM\examples\growth\growth.m --> steve.psych.mcgill.ca /export/home/steve/ramsay/u1/fdaM/examples/growth growth.m
2003.03.10 14:10 B C:\Matlab\fdaM\examples\growth\growthplot.m --> steve.psych.mcgill.ca /export/home/steve/ramsay/u1/fdaM/examples/growth growthplot.m
2003.03.10 14:10 B C:\Matlab\fdaM\examples\growth\menusetup.m --> steve.psych.mcgill.ca /export/home/steve/ramsay/u1/fdaM/examples/growth menusetup.m
2003.03.10 14:10 B C:\Matlab\fdaM\examples\growth\monogrowth.m --> steve.psych.mcgill.ca /export/home/steve/ramsay/u1/fdaM/examples/growth monogrowth.m
2003.05.12 11:46 B C:\Matlab\fdaM\examples\growth\growth.asv --> steve.psych.mcgill.ca /export/home/steve/ramsay/fdaM/examples/growth growth.asv
2003.05.12 11:46 B C:\Matlab\fdaM\examples\growth\growth.m --> steve.psych.mcgill.ca /export/home/steve/ramsay/fdaM/examples/growth growth.m
2003.05.12 11:46 B C:\Matlab\fdaM\examples\growth\growth.zip --> steve.psych.mcgill.ca /export/home/steve/ramsay/fdaM/examples/growth growth.zip
2003.05.12 11:46 B C:\Matlab\fdaM\examples\growth\growthplot.m --> steve.psych.mcgill.ca /export/home/steve/ramsay/fdaM/examples/growth growthplot.m
2003.05.12 11:46 B C:\Matlab\fdaM\examples\growth\hgtage.dat --> steve.psych.mcgill.ca /export/home/steve/ramsay/fdaM/examples/growth hgtage.dat
2003.05.12 11:46 B C:\Matlab\fdaM\examples\growth\hgtf.dat --> steve.psych.mcgill.ca /export/home/steve/ramsay/fdaM/examples/growth hgtf.dat
2003.05.12 11:46 B C:\Matlab\fdaM\examples\growth\hgtm.dat --> steve.psych.mcgill.ca /export/home/steve/ramsay/fdaM/examples/growth hgtm.dat
2003.05.12 11:46 B C:\Matlab\fdaM\examples\growth\menusetup.m --> steve.psych.mcgill.ca /export/home/steve/ramsay/fdaM/examples/growth menusetup.m
2003.05.12 11:46 B C:\Matlab\fdaM\examples\growth\monogrowth.m --> steve.psych.mcgill.ca /export/home/steve/ramsay/fdaM/examples/growth monogrowth.m
2003.05.12 11:46 B C:\Matlab\fdaM\examples\growth\onechild.dat --> steve.psych.mcgill.ca /export/home/steve/ramsay/fdaM/examples/growth onechild.dat
2003.05.12 12:24 B C:\Matlab\fdaM\examples\growth\WS_FTP.LOG <-- steve /export/home/steve/ramsay/Matlab/fdaM/examples/growth WS_FTP.LOG
2003.08.01 18:13 B C:\Matlab\fdaM\examples\growth\growth.asv --> ego.psych.mcgill.ca /home/ego/ramsay/Matlab/fdaM/examples/growth growth.asv
2003.08.01 18:13 B C:\Matlab\fdaM\examples\growth\growth.m --> ego.psych.mcgill.ca /home/ego/ramsay/Matlab/fdaM/examples/growth growth.m
2003.08.01 18:13 B C:\Matlab\fdaM\examples\growth\growth.zip --> ego.psych.mcgill.ca /home/ego/ramsay/Matlab/fdaM/examples/growth growth.zip
2003.08.01 18:13 B C:\Matlab\fdaM\examples\growth\growthplot.m --> ego.psych.mcgill.ca /home/ego/ramsay/Matlab/fdaM/examples/growth growthplot.m
2003.08.01 18:13 B C:\Matlab\fdaM\examples\growth\hgtage.dat --> ego.psych.mcgill.ca /home/ego/ramsay/Matlab/fdaM/examples/growth hgtage.dat
2003.08.01 18:13 B C:\Matlab\fdaM\examples\growth\hgtf.dat --> ego.psych.mcgill.ca /home/ego/ramsay/Matlab/fdaM/examples/growth hgtf.dat
2003.08.01 18:13 B C:\Matlab\fdaM\examples\growth\hgtm.dat --> ego.psych.mcgill.ca /home/ego/ramsay/Matlab/fdaM/examples/growth hgtm.dat
2003.08.01 18:13 B C:\Matlab\fdaM\examples\growth\menusetup.m --> ego.psych.mcgill.ca /home/ego/ramsay/Matlab/fdaM/examples/growth menusetup.m
2003.08.01 18:13 B C:\Matlab\fdaM\examples\growth\monogrowth.m --> ego.psych.mcgill.ca /home/ego/ramsay/Matlab/fdaM/examples/growth monogrowth.m
2003.08.01 18:13 B C:\Matlab\fdaM\examples\growth\onechild.dat --> ego.psych.mcgill.ca /home/ego/ramsay/Matlab/fdaM/examples/growth onechild.dat
2003.08.01 18:13 B C:\Matlab\fdaM\examples\growth\WS_FTP.LOG --> ego.psych.mcgill.ca /home/ego/ramsay/Matlab/fdaM/examples/growth WS_FTP.LOG
